Using pre-set license
Built from '2020.3/staging' branch; Version is '2020.3.11f1 (99c7afb366b3) revision 10078127'; Using compiler version '192528614'; Build Type 'Release'
OS: 'Windows 10 Home Single Language; OS build 19042.1052; Version 2009; 64bit' Language: 'en' Physical Memory: 8079 MB
BatchMode: 1, IsHumanControllingUs: 0, StartBugReporterOnCrash: 0, Is64bit: 1, IsPro: 0

 COMMAND LINE ARGUMENTS:
C:\Program Files\Unity\Hub\Editor\2020.3.11f1\Editor\Unity.exe
-adb2
-batchMode
-noUpm
-name
AssetImportWorker6
-projectPath
C:/Users/SAAD/Documents/Unity/Projects/Custom-Console
-logFile
Logs/AssetImportWorker6.log
-srvPort
61233
Successfully changed project path to: C:/Users/SAAD/Documents/Unity/Projects/Custom-Console
C:/Users/SAAD/Documents/Unity/Projects/Custom-Console
Using Asset Import Pipeline V2.
Refreshing native plugins compatible for Editor in 100.40 ms, found 2 plugins.
Preloading 0 native plugins for Editor in 0.00 ms.
Initialize engine version: 2020.3.11f1 (99c7afb366b3)
[Subsystems] Discovering subsystems at path C:/Program Files/Unity/Hub/Editor/2020.3.11f1/Editor/Data/Resources/UnitySubsystems
[Subsystems] Discovering subsystems at path C:/Users/SAAD/Documents/Unity/Projects/Custom-Console/Assets
GfxDevice: creating device client; threaded=0
Direct3D:
    Version:  Direct3D 11.0 [level 11.1]
    Renderer: AMD Radeon (TM) HD 8500M/8700M (ID=0x6601)
    Vendor:   
    VRAM:     2028 MB
    Driver:   27.20.1034.6
Initialize mono
Mono path[0] = 'C:/Program Files/Unity/Hub/Editor/2020.3.11f1/Editor/Data/Managed'
Mono path[1] = 'C:/Program Files/Unity/Hub/Editor/2020.3.11f1/Editor/Data/MonoBleedingEdge/lib/mono/unityjit'
Mono config path = 'C:/Program Files/Unity/Hub/Editor/2020.3.11f1/Editor/Data/MonoBleedingEdge/etc'
Using monoOptions --debugger-agent=transport=dt_socket,embedding=1,server=y,suspend=n,address=127.0.0.1:56468
Begin MonoManager ReloadAssembly
Registering precompiled unity dll's ...
Register platform support module: C:/Program Files/Unity/Hub/Editor/2020.3.11f1/Editor/Data/PlaybackEngines/WindowsStandaloneSupport/UnityEditor.WindowsStandalone.Extensions.dll
Registered in 0.006800 seconds.
Native extension for WindowsStandalone target not found
Refreshing native plugins compatible for Editor in 72.68 ms, found 2 plugins.
Preloading 0 native plugins for Editor in 0.00 ms.
Mono: successfully reloaded assembly
- Completed reload, in 11.157 seconds
Platform modules already initialized, skipping
Registering precompiled user dll's ...
Registered in 0.008858 seconds.
Begin MonoManager ReloadAssembly
Native extension for WindowsStandalone target not found
Refreshing native plugins compatible for Editor in 70.51 ms, found 2 plugins.
Preloading 0 native plugins for Editor in 0.00 ms.
Mono: successfully reloaded assembly
- Completed reload, in  3.155 seconds
Platform modules already initialized, skipping
========================================================================
Worker process is ready to serve import requests
Launched and connected shader compiler UnityShaderCompiler.exe after 0.79 seconds
Refreshing native plugins compatible for Editor in 0.63 ms, found 2 plugins.
Preloading 0 native plugins for Editor in 0.00 ms.
Unloading 1775 Unused Serialized files (Serialized files now loaded: 0)
System memory in use before: 80.5 MB.
System memory in use after: 80.6 MB.

Unloading 21 unused Assets to reduce memory usage. Loaded Objects now: 2210.
Total: 4.001000 ms (FindLiveObjects: 0.391900 ms CreateObjectMapping: 0.216600 ms MarkObjects: 3.222900 ms  DeleteObjects: 0.167700 ms)

========================================================================
Received Import Request.
  path: Assets/Sprites/doubleArrow01.png
  artifactKey: Guid(fc3cdd5003582f44b8e5d75c1760c898) Importer(815301076,1909f56bfc062723c751e8b465ee728b)
Start importing Assets/Sprites/doubleArrow01.png using Guid(fc3cdd5003582f44b8e5d75c1760c898) Importer(815301076,1909f56bfc062723c751e8b465ee728b)  -> (artifact id: '3ee8bc502bade8fcd9bfe752b71e751a') in 0.457568 seconds
  Import took 0.462520 seconds .

========================================================================
Received Prepare
Registering precompiled user dll's ...
Registered in 0.009154 seconds.
Begin MonoManager ReloadAssembly
Native extension for WindowsStandalone target not found
Refreshing native plugins compatible for Editor in 0.60 ms, found 2 plugins.
Preloading 0 native plugins for Editor in 0.00 ms.
Mono: successfully reloaded assembly
- Completed reload, in  2.545 seconds
Platform modules already initialized, skipping
Switching build target platform(19) subTarget(0) extendedPlatform(0) -> platform(13) subTarget(537395200) extendedPlatform(0)
Refreshing native plugins compatible for Editor in 0.62 ms, found 2 plugins.
Preloading 0 native plugins for Editor in 0.00 ms.
Unloading 1760 Unused Serialized files (Serialized files now loaded: 0)
System memory in use before: 82.3 MB.
System memory in use after: 82.4 MB.

Unloading 14 unused Assets to reduce memory usage. Loaded Objects now: 2219.
Total: 6.089800 ms (FindLiveObjects: 0.235900 ms CreateObjectMapping: 0.104900 ms MarkObjects: 5.579700 ms  DeleteObjects: 0.166500 ms)

AssetImportParameters requested are different than current active one (requested -> active):
  custom:graphics/normal-map-encoding: 01000000000000000000000000000000 -> 02000000000000000000000000000000
========================================================================
Received Prepare
Registering precompiled user dll's ...
Registered in 0.013904 seconds.
Begin MonoManager ReloadAssembly
Native extension for WindowsStandalone target not found
Refreshing native plugins compatible for Editor in 0.69 ms, found 2 plugins.
Preloading 0 native plugins for Editor in 0.00 ms.
Mono: successfully reloaded assembly
- Completed reload, in  2.598 seconds
Platform modules already initialized, skipping
Switching build target platform(19) subTarget(0) extendedPlatform(0) -> platform(13) subTarget(537395200) extendedPlatform(0)
Refreshing native plugins compatible for Editor in 1.16 ms, found 2 plugins.
Preloading 0 native plugins for Editor in 0.00 ms.
Unloading 1760 Unused Serialized files (Serialized files now loaded: 0)
System memory in use before: 82.4 MB.
System memory in use after: 82.4 MB.

Unloading 14 unused Assets to reduce memory usage. Loaded Objects now: 2222.
Total: 3.692100 ms (FindLiveObjects: 0.486500 ms CreateObjectMapping: 0.234100 ms MarkObjects: 2.875700 ms  DeleteObjects: 0.093700 ms)

AssetImportParameters requested are different than current active one (requested -> active):
  custom:graphics/normal-map-encoding: 01000000000000000000000000000000 -> 02000000000000000000000000000000
========================================================================
Received Prepare
Registering precompiled user dll's ...
Registered in 0.018627 seconds.
Begin MonoManager ReloadAssembly
Native extension for WindowsStandalone target not found
Refreshing native plugins compatible for Editor in 1.00 ms, found 2 plugins.
Preloading 0 native plugins for Editor in 0.00 ms.
Mono: successfully reloaded assembly
- Completed reload, in  5.180 seconds
Platform modules already initialized, skipping
Switching build target platform(19) subTarget(0) extendedPlatform(0) -> platform(13) subTarget(537395200) extendedPlatform(0)
Refreshing native plugins compatible for Editor in 0.61 ms, found 2 plugins.
Preloading 0 native plugins for Editor in 0.00 ms.
Unloading 1760 Unused Serialized files (Serialized files now loaded: 0)
System memory in use before: 82.4 MB.
System memory in use after: 82.5 MB.

Unloading 14 unused Assets to reduce memory usage. Loaded Objects now: 2225.
Total: 5.020800 ms (FindLiveObjects: 0.399200 ms CreateObjectMapping: 0.179300 ms MarkObjects: 4.331900 ms  DeleteObjects: 0.107800 ms)

AssetImportParameters requested are different than current active one (requested -> active):
  custom:graphics/normal-map-encoding: 01000000000000000000000000000000 -> 02000000000000000000000000000000
========================================================================
Received Prepare
Registering precompiled user dll's ...
Registered in 0.055795 seconds.
Begin MonoManager ReloadAssembly
Native extension for WindowsStandalone target not found
Refreshing native plugins compatible for Editor in 3.46 ms, found 2 plugins.
Preloading 0 native plugins for Editor in 0.00 ms.
Mono: successfully reloaded assembly
- Completed reload, in  2.864 seconds
Platform modules already initialized, skipping
Switching build target platform(19) subTarget(0) extendedPlatform(0) -> platform(13) subTarget(537395200) extendedPlatform(0)
Refreshing native plugins compatible for Editor in 0.57 ms, found 2 plugins.
Preloading 0 native plugins for Editor in 0.00 ms.
Unloading 1760 Unused Serialized files (Serialized files now loaded: 0)
System memory in use before: 82.4 MB.
System memory in use after: 82.5 MB.

Unloading 14 unused Assets to reduce memory usage. Loaded Objects now: 2228.
Total: 7.158100 ms (FindLiveObjects: 0.280000 ms CreateObjectMapping: 0.200900 ms MarkObjects: 6.571700 ms  DeleteObjects: 0.103400 ms)

AssetImportParameters requested are different than current active one (requested -> active):
  custom:graphics/normal-map-encoding: 01000000000000000000000000000000 -> 02000000000000000000000000000000
========================================================================
Received Import Request.
  Time since last request: 5222.733232 seconds.
  path: Assets/Prefabs
  artifactKey: Guid(e7621bb54b7b3ae4fa3063e86e03fbcb) Importer(815301076,1909f56bfc062723c751e8b465ee728b)
Start importing Assets/Prefabs using Guid(e7621bb54b7b3ae4fa3063e86e03fbcb) Importer(815301076,1909f56bfc062723c751e8b465ee728b)  -> (artifact id: '43d3ae4d8fb41849bb428bf77b9d4ff2') in 0.023606 seconds
  Import took 0.048146 seconds .

========================================================================
Received Import Request.
  Time since last request: 14.523562 seconds.
  path: Assets/Prefabs/ConsolePanel.prefab
  artifactKey: Guid(a35e4a22f1fd9224f920cfa46a82302f) Importer(815301076,1909f56bfc062723c751e8b465ee728b)
Start importing Assets/Prefabs/ConsolePanel.prefab using Guid(a35e4a22f1fd9224f920cfa46a82302f) Importer(815301076,1909f56bfc062723c751e8b465ee728b)  -> (artifact id: '76c3646a380a52c225964f12382f7b7c') in 1.307910 seconds
  Import took 1.330976 seconds .

========================================================================
Received Import Request.
  Time since last request: 41.794134 seconds.
  path: Assets/Prefabs/TemplatePanel.prefab
  artifactKey: Guid(24eaed6cdddaf614db9a513a8bed656d) Importer(815301076,1909f56bfc062723c751e8b465ee728b)
Start importing Assets/Prefabs/TemplatePanel.prefab using Guid(24eaed6cdddaf614db9a513a8bed656d) Importer(815301076,1909f56bfc062723c751e8b465ee728b)  -> (artifact id: 'fe2dae9c225625961c9739069f2e3a44') in 0.074986 seconds
  Import took 0.082614 seconds .

========================================================================
Received Import Request.
  Time since last request: 0.032643 seconds.
  path: Assets/Prefabs/TemplatePanel.prefab
  artifactKey: Guid(24eaed6cdddaf614db9a513a8bed656d) Importer(815301076,1909f56bfc062723c751e8b465ee728b)
Start importing Assets/Prefabs/TemplatePanel.prefab using Guid(24eaed6cdddaf614db9a513a8bed656d) Importer(815301076,1909f56bfc062723c751e8b465ee728b)  -> (artifact id: 'fe2dae9c225625961c9739069f2e3a44') in 0.074764 seconds
  Import took 0.082602 seconds .

AssetImportWorkerClient::OnTransportError - code=2 error=End of file
